2021-11-13 12:38:55 - PHP Warning:  mysqli::__construct(): (HY000/1045): Access denied for user 'root'@'localhost' (using password: NO) in C:\openserver\OpenServer\domains\tdc\system\library\db\mysqli.php on line 7
2021-11-13 12:38:55 - PHP Warning:  DB\MySQLi::__construct(): Couldn't fetch mysqli in C:\openserver\OpenServer\domains\tdc\system\library\db\mysqli.php on line 10
2021-11-13 12:38:55 - PHP Warning:  DB\MySQLi::__construct(): Couldn't fetch mysqli in C:\openserver\OpenServer\domains\tdc\system\library\db\mysqli.php on line 10
2021-11-13 12:38:55 - PHP Notice:  Undefined variable: mysql in C:\openserver\OpenServer\domains\tdc\install\controller\install\step_3.php on line 280
2021-11-13 12:38:55 - PHP Notice:  Trying to get property of non-object in C:\openserver\OpenServer\domains\tdc\install\controller\install\step_3.php on line 280
2021-11-13 12:40:18 - PHP Warning:  mysqli::__construct(): (HY000/1045): Access denied for user 'root'@'localhost' (using password: NO) in C:\openserver\OpenServer\domains\tdc\system\library\db\mysqli.php on line 7
2021-11-13 12:40:18 - PHP Warning:  DB\MySQLi::__construct(): Couldn't fetch mysqli in C:\openserver\OpenServer\domains\tdc\system\library\db\mysqli.php on line 10
2021-11-13 12:40:18 - PHP Warning:  DB\MySQLi::__construct(): Couldn't fetch mysqli in C:\openserver\OpenServer\domains\tdc\system\library\db\mysqli.php on line 10
2021-11-13 12:40:18 - PHP Notice:  Undefined variable: mysql in C:\openserver\OpenServer\domains\tdc\install\controller\install\step_3.php on line 280
2021-11-13 12:40:18 - PHP Notice:  Trying to get property of non-object in C:\openserver\OpenServer\domains\tdc\install\controller\install\step_3.php on line 280
2021-11-14 19:49:16 - PHP Notice:  Undefined index: personality in C:\openserver\OpenServer\domains\tdc\admin\model\catalog\product.php on line 147
2021-11-14 19:49:16 - PHP Warning:  Cannot modify header information - headers already sent by (output started at C:\openserver\OpenServer\domains\tdc\admin\controller\startup\error.php:34) in C:\openserver\OpenServer\domains\tdc\system\library\response.php on line 36
2021-11-14 20:01:14 - PHP Notice:  Undefined index: personality in C:\openserver\OpenServer\domains\tdc\admin\model\catalog\product.php on line 148
2021-11-14 20:01:14 - PHP Warning:  Cannot modify header information - headers already sent by (output started at C:\openserver\OpenServer\domains\tdc\admin\controller\startup\error.php:34) in C:\openserver\OpenServer\domains\tdc\system\library\response.php on line 36
2021-11-14 20:02:59 - PHP Notice:  Undefined index: personality in C:\openserver\OpenServer\domains\tdc\admin\model\catalog\product.php on line 148
2021-11-14 20:02:59 - PHP Warning:  Cannot modify header information - headers already sent by (output started at C:\openserver\OpenServer\domains\tdc\admin\controller\startup\error.php:34) in C:\openserver\OpenServer\domains\tdc\system\library\response.php on line 36
2021-11-15 8:36:57 - PHP Notice:  Undefined index: personality in C:\openserver\OpenServer\domains\tdc\admin\model\catalog\product.php on line 148
2021-11-15 8:36:58 - PHP Warning:  Cannot modify header information - headers already sent by (output started at C:\openserver\OpenServer\domains\tdc\admin\controller\startup\error.php:34) in C:\openserver\OpenServer\domains\tdc\system\library\response.php on line 36
2021-11-15 8:43:14 - PHP Notice:  Undefined index: personality in C:\openserver\OpenServer\domains\tdc\admin\model\catalog\product.php on line 148
2021-11-15 8:43:14 - PHP Warning:  Cannot modify header information - headers already sent by (output started at C:\openserver\OpenServer\domains\tdc\admin\controller\startup\error.php:34) in C:\openserver\OpenServer\domains\tdc\system\library\response.php on line 36
2021-11-15 8:47:51 - PHP Notice:  Undefined index: personality in C:\openserver\OpenServer\domains\tdc\catalog\model\catalog\product.php on line 14
2021-11-15 8:49:54 - PHP Notice:  Undefined index: spec in C:\openserver\OpenServer\domains\tdc\admin\model\catalog\product.php on line 148
2021-11-15 8:49:54 - PHP Warning:  Cannot modify header information - headers already sent by (output started at C:\openserver\OpenServer\domains\tdc\admin\controller\startup\error.php:34) in C:\openserver\OpenServer\domains\tdc\system\library\response.php on line 36
2021-11-15 8:56:10 - PHP Notice:  Undefined index: spec in C:\openserver\OpenServer\domains\tdc\admin\model\catalog\product.php on line 148
2021-11-15 8:56:10 - PHP Warning:  Cannot modify header information - headers already sent by (output started at C:\openserver\OpenServer\domains\tdc\admin\controller\startup\error.php:34) in C:\openserver\OpenServer\domains\tdc\system\library\response.php on line 36
2021-11-15 9:01:18 - PHP Notice:  Undefined index: spec in C:\openserver\OpenServer\domains\tdc\admin\model\catalog\product.php on line 148
2021-11-15 9:01:18 - PHP Warning:  Cannot modify header information - headers already sent by (output started at C:\openserver\OpenServer\domains\tdc\admin\controller\startup\error.php:34) in C:\openserver\OpenServer\domains\tdc\system\library\response.php on line 36
2021-11-15 9:03:31 - PHP Notice:  Undefined index: spec in C:\openserver\OpenServer\domains\tdc\admin\model\catalog\product.php on line 148
2021-11-15 9:03:31 - PHP Warning:  Cannot modify header information - headers already sent by (output started at C:\openserver\OpenServer\domains\tdc\admin\controller\startup\error.php:34) in C:\openserver\OpenServer\domains\tdc\system\library\response.php on line 36
2021-11-15 13:00:51 - PHP Notice:  Undefined index: spec in C:\openserver\OpenServer\domains\tdc\admin\model\catalog\product.php on line 148
2021-11-15 13:00:51 - PHP Warning:  Cannot modify header information - headers already sent by (output started at C:\openserver\OpenServer\domains\tdc\admin\controller\startup\error.php:34) in C:\openserver\OpenServer\domains\tdc\system\library\response.php on line 36
2021-11-15 13:01:17 - PHP Notice:  Undefined index: spec in C:\openserver\OpenServer\domains\tdc\admin\model\catalog\product.php on line 148
2021-11-15 13:01:17 - PHP Warning:  Cannot modify header information - headers already sent by (output started at C:\openserver\OpenServer\domains\tdc\admin\controller\startup\error.php:34) in C:\openserver\OpenServer\domains\tdc\system\library\response.php on line 36
2021-11-25 9:32:26 - PHP Warning:  unlink(C:/openserver/OpenServer/domains/tdc/system/storage/cache/cache.catalog.language.1637836346): Resource temporarily unavailable in C:\openserver\OpenServer\domains\tdc\system\library\cache\file.php on line 68
2021-11-25 9:32:28 - PHP Warning:  unlink(C:/openserver/OpenServer/domains/tdc/system/storage/cache/cache.catalog.language.1637836348): Resource temporarily unavailable in C:\openserver\OpenServer\domains\tdc\system\library\cache\file.php on line 68
2021-11-25 14:09:42 - PHP Warning:  unlink(C:/openserver/OpenServer/domains/tdc/system/storage/cache/cache.catalog.language.1637852982): No such file or directory in C:\openserver\OpenServer\domains\tdc\system\library\cache\file.php on line 68
2021-11-27 14:23:15 - simple wrong license 3 tds26.ru
