2021-11-14 17:27:08 - MOD: Modification Default

FILE: system/engine/action.php
REGEX: ~(require|include)(_once)?\(([^)]+)~
LINE: 69

FILE: system/engine/loader.php
REGEX: ~(require|include)(_once)?\(([^)]+)~
LINE: 77
LINE: 151
LINE: 168

FILE: system/library/config.php
REGEX: ~(require|include)(_once)?\(([^)]+)~
LINE: 59

FILE: system/library/language.php
REGEX: ~(require|include)(_once)?\(([^)]+)~
LINE: 67
LINE: 73

FILE: system/library/template/template.php
REGEX: ~(require|include)(_once)?\(([^)]+)~
LINE: 18

FILE: system/library/template/twig.php
CODE: $loader = new \Twig_Loader_Filesystem(DIR_TEMPLATE);
LINE: 19
----------------------------------------------------------------
MOD: Tweak for OpenCart 3x

FILE: admin/view/template/common/header.twig
CODE: {% for link in links %}
LINE: 36
CODE: <li><a href="http://www.opencart.com" target="_blank"><i class="fa fa-opencart fa-fw"></i> {{ text_homepage }}</a></li>
LINE: 67
CODE: <li><a href="http://docs.opencart.com" target="_blank"><i class="fa fa-file-text-o fa-fw"></i> {{ text_documentation }}</a></li>
LINE: 70
CODE: <li><a href="http://forum.opencart.com" target="_blank"><i class="fa fa-comments-o fa-fw"></i> {{ text_support }}</a></li>
LINE: 73

FILE: admin/view/template/catalog/product_form.twig
CODE: <label class="col-sm-2 control-label" for="input-sku"><span data-toggle="tooltip" title="{{ help_sku }}">{{ entry_sku }}</span></label>
LINE: 119
CODE: <label class="col-sm-2 control-label" for="input-sku">
LINE: 125
CODE: <label class="col-sm-2 control-label" for="input-location">{{ entry_location }}</label>
LINE: 165
CODE: <input type="text" name="model" value="{{ model }}" placeholder="{{ entry_model }}" id="input-model" class="form-control"/>
LINE: 112
CODE: <li><a href="#tab-recurring" data-toggle="tab">{{ tab_recurring }}</a></li>
LINE: 32

FILE: admin/controller/common/filemanager.php
CODE: $this->load->language('common/filemanager');
LINE: 13
CODE: // Parent
LINE: 133
CODE: $pagination = new Pagination();
LINE: 194
CODE: $directory = rtrim(DIR_IMAGE . 'catalog/' . str_replace('*', '', $this->request->get['directory']), '/');
LINE: 33
CODE: $directory = rtrim(DIR_IMAGE . 'catalog/' . str_replace('*', '', $this->request->get['directory']), '/');
LINE: 33
CODE: public function index() {
LINE: 10
CODE: $filename = basename(html_entity_decode($file['name'], ENT_QUOTES, 'UTF-8'));
LINE: 260
CODE: $folder = basename(html_entity_decode($this->request->post['folder'], ENT_QUOTES, 'UTF-8'));
LINE: 340

FILE: admin/view/template/common/filemanager.twig
CODE: {% for image in images|batch(4) %}
LINE: 34

FILE: catalog/controller/tool/upload.php
CODE: public function index() {
LINE: 10
CODE: $filename = basename(preg_replace('/[^a-zA-Z0-9\.\-\s+]/', '', html_entity_decode($this->request->files['file']['name'], ENT_QUOTES, 'UTF-8')));
LINE: 17

FILE: admin/controller/marketplace/extension.php
CODE: $data['type'] = '';
LINE: 26

FILE: admin/view/template/marketplace/marketplace_list.twig
CODE: {% if license.value == filter_license %}<a href="{{ license.href }}" class="btn btn-default active">{{ license.text }}</a>{% else %}<a href="{{ license.href }}" class="btn btn-default">{{ license.text }}</a>{% endif %}
LINE: 49

FILE: catalog/controller/information/contact.php
CODE: if (isset($this->error['name'])) {
LINE: 48
CODE: $data['comment'] = $this->config->get('config_comment');
LINE: 106
CODE: return !$this->error;
LINE: 205

FILE: catalog/view/theme/default/template/information/contact.twig
CODE: <div class="row">{{ column_left }}
LINE: 12
CODE: <div class="buttons">
LINE: 154
CODE: </form>
LINE: 162

FILE: admin/model/localisation/currency.php
CODE: public function refresh($force = false) {
LINE: 107
CODE: public function getTotalCurrencies() {
LINE: 205

FILE: admin/controller/extension/extension/promotion.php
CODE: $curl = curl_init();
LINE: 6

FILE: admin/view/template/sale/order_info.twig
CODE: function changeStatus(){
LINE: 606
CODE: $('select[name="order_status_id"]').change(function(){
LINE: 635
CODE: addOrderInfo();
LINE: 564
LINE: 567

FILE: admin/view/template/common/developer.twig
CODE: <td style="width: 150px;">{{ entry_cache }}</td>
LINE: 11
----------------------------------------------------------------
2021-11-14 19:40:18 - MOD: Modification Default

FILE: system/engine/action.php
REGEX: ~(require|include)(_once)?\(([^)]+)~
LINE: 69

FILE: system/engine/loader.php
REGEX: ~(require|include)(_once)?\(([^)]+)~
LINE: 77
LINE: 151
LINE: 168

FILE: system/library/config.php
REGEX: ~(require|include)(_once)?\(([^)]+)~
LINE: 59

FILE: system/library/language.php
REGEX: ~(require|include)(_once)?\(([^)]+)~
LINE: 67
LINE: 73

FILE: system/library/template/template.php
REGEX: ~(require|include)(_once)?\(([^)]+)~
LINE: 18

FILE: system/library/template/twig.php
CODE: $loader = new \Twig_Loader_Filesystem(DIR_TEMPLATE);
LINE: 19
----------------------------------------------------------------
MOD: Tweak for OpenCart 3x

FILE: admin/view/template/common/header.twig
CODE: {% for link in links %}
LINE: 36
CODE: <li><a href="http://www.opencart.com" target="_blank"><i class="fa fa-opencart fa-fw"></i> {{ text_homepage }}</a></li>
LINE: 67
CODE: <li><a href="http://docs.opencart.com" target="_blank"><i class="fa fa-file-text-o fa-fw"></i> {{ text_documentation }}</a></li>
LINE: 70
CODE: <li><a href="http://forum.opencart.com" target="_blank"><i class="fa fa-comments-o fa-fw"></i> {{ text_support }}</a></li>
LINE: 73

FILE: admin/view/template/catalog/product_form.twig
CODE: <label class="col-sm-2 control-label" for="input-sku"><span data-toggle="tooltip" title="{{ help_sku }}">{{ entry_sku }}</span></label>
LINE: 119
CODE: <label class="col-sm-2 control-label" for="input-sku">
LINE: 125
CODE: <label class="col-sm-2 control-label" for="input-location">{{ entry_location }}</label>
LINE: 165
CODE: <input type="text" name="model" value="{{ model }}" placeholder="{{ entry_model }}" id="input-model" class="form-control"/>
LINE: 112
CODE: <li><a href="#tab-recurring" data-toggle="tab">{{ tab_recurring }}</a></li>
LINE: 32

FILE: admin/controller/common/filemanager.php
CODE: $this->load->language('common/filemanager');
LINE: 13
CODE: // Parent
LINE: 133
CODE: $pagination = new Pagination();
LINE: 194
CODE: $directory = rtrim(DIR_IMAGE . 'catalog/' . str_replace('*', '', $this->request->get['directory']), '/');
LINE: 33
CODE: $directory = rtrim(DIR_IMAGE . 'catalog/' . str_replace('*', '', $this->request->get['directory']), '/');
LINE: 33
CODE: public function index() {
LINE: 10
CODE: $filename = basename(html_entity_decode($file['name'], ENT_QUOTES, 'UTF-8'));
LINE: 260
CODE: $folder = basename(html_entity_decode($this->request->post['folder'], ENT_QUOTES, 'UTF-8'));
LINE: 340

FILE: admin/view/template/common/filemanager.twig
CODE: {% for image in images|batch(4) %}
LINE: 34

FILE: catalog/controller/tool/upload.php
CODE: public function index() {
LINE: 10
CODE: $filename = basename(preg_replace('/[^a-zA-Z0-9\.\-\s+]/', '', html_entity_decode($this->request->files['file']['name'], ENT_QUOTES, 'UTF-8')));
LINE: 17

FILE: admin/controller/marketplace/extension.php
CODE: $data['type'] = '';
LINE: 26

FILE: admin/view/template/marketplace/marketplace_list.twig
CODE: {% if license.value == filter_license %}<a href="{{ license.href }}" class="btn btn-default active">{{ license.text }}</a>{% else %}<a href="{{ license.href }}" class="btn btn-default">{{ license.text }}</a>{% endif %}
LINE: 49

FILE: catalog/controller/information/contact.php
CODE: if (isset($this->error['name'])) {
LINE: 48
CODE: $data['comment'] = $this->config->get('config_comment');
LINE: 106
CODE: return !$this->error;
LINE: 205

FILE: catalog/view/theme/default/template/information/contact.twig
CODE: <div class="row">{{ column_left }}
LINE: 12
CODE: <div class="buttons">
LINE: 154
CODE: </form>
LINE: 162

FILE: admin/model/localisation/currency.php
CODE: public function refresh($force = false) {
LINE: 107
CODE: public function getTotalCurrencies() {
LINE: 205

FILE: admin/controller/extension/extension/promotion.php
CODE: $curl = curl_init();
LINE: 6

FILE: admin/view/template/sale/order_info.twig
CODE: function changeStatus(){
LINE: 606
CODE: $('select[name="order_status_id"]').change(function(){
LINE: 635
CODE: addOrderInfo();
LINE: 564
LINE: 567

FILE: admin/view/template/common/developer.twig
CODE: <td style="width: 150px;">{{ entry_cache }}</td>
LINE: 11
----------------------------------------------------------------
2021-11-14 19:48:57 - MOD: Modification Default

FILE: system/engine/action.php
REGEX: ~(require|include)(_once)?\(([^)]+)~
LINE: 69

FILE: system/engine/loader.php
REGEX: ~(require|include)(_once)?\(([^)]+)~
LINE: 77
LINE: 151
LINE: 168

FILE: system/library/config.php
REGEX: ~(require|include)(_once)?\(([^)]+)~
LINE: 59

FILE: system/library/language.php
REGEX: ~(require|include)(_once)?\(([^)]+)~
LINE: 67
LINE: 73

FILE: system/library/template/template.php
REGEX: ~(require|include)(_once)?\(([^)]+)~
LINE: 18

FILE: system/library/template/twig.php
CODE: $loader = new \Twig_Loader_Filesystem(DIR_TEMPLATE);
LINE: 19
----------------------------------------------------------------
MOD: Tweak for OpenCart 3x

FILE: admin/view/template/common/header.twig
CODE: {% for link in links %}
LINE: 36
CODE: <li><a href="http://www.opencart.com" target="_blank"><i class="fa fa-opencart fa-fw"></i> {{ text_homepage }}</a></li>
LINE: 67
CODE: <li><a href="http://docs.opencart.com" target="_blank"><i class="fa fa-file-text-o fa-fw"></i> {{ text_documentation }}</a></li>
LINE: 70
CODE: <li><a href="http://forum.opencart.com" target="_blank"><i class="fa fa-comments-o fa-fw"></i> {{ text_support }}</a></li>
LINE: 73

FILE: admin/view/template/catalog/product_form.twig
CODE: <label class="col-sm-2 control-label" for="input-sku"><span data-toggle="tooltip" title="{{ help_sku }}">{{ entry_sku }}</span></label>
LINE: 117
CODE: <label class="col-sm-2 control-label" for="input-sku">
LINE: 123
CODE: <label class="col-sm-2 control-label" for="input-location">{{ entry_location }}</label>
LINE: 163
CODE: <input type="text" name="model" value="{{ model }}" placeholder="{{ entry_model }}" id="input-model" class="form-control"/>
LINE: 110
CODE: <li><a href="#tab-recurring" data-toggle="tab">{{ tab_recurring }}</a></li>
LINE: 32

FILE: admin/controller/common/filemanager.php
CODE: $this->load->language('common/filemanager');
LINE: 13
CODE: // Parent
LINE: 133
CODE: $pagination = new Pagination();
LINE: 194
CODE: $directory = rtrim(DIR_IMAGE . 'catalog/' . str_replace('*', '', $this->request->get['directory']), '/');
LINE: 33
CODE: $directory = rtrim(DIR_IMAGE . 'catalog/' . str_replace('*', '', $this->request->get['directory']), '/');
LINE: 33
CODE: public function index() {
LINE: 10
CODE: $filename = basename(html_entity_decode($file['name'], ENT_QUOTES, 'UTF-8'));
LINE: 260
CODE: $folder = basename(html_entity_decode($this->request->post['folder'], ENT_QUOTES, 'UTF-8'));
LINE: 340

FILE: admin/view/template/common/filemanager.twig
CODE: {% for image in images|batch(4) %}
LINE: 34

FILE: catalog/controller/tool/upload.php
CODE: public function index() {
LINE: 10
CODE: $filename = basename(preg_replace('/[^a-zA-Z0-9\.\-\s+]/', '', html_entity_decode($this->request->files['file']['name'], ENT_QUOTES, 'UTF-8')));
LINE: 17

FILE: admin/controller/marketplace/extension.php
CODE: $data['type'] = '';
LINE: 26

FILE: admin/view/template/marketplace/marketplace_list.twig
CODE: {% if license.value == filter_license %}<a href="{{ license.href }}" class="btn btn-default active">{{ license.text }}</a>{% else %}<a href="{{ license.href }}" class="btn btn-default">{{ license.text }}</a>{% endif %}
LINE: 49

FILE: catalog/controller/information/contact.php
CODE: if (isset($this->error['name'])) {
LINE: 48
CODE: $data['comment'] = $this->config->get('config_comment');
LINE: 106
CODE: return !$this->error;
LINE: 205

FILE: catalog/view/theme/default/template/information/contact.twig
CODE: <div class="row">{{ column_left }}
LINE: 12
CODE: <div class="buttons">
LINE: 154
CODE: </form>
LINE: 162

FILE: admin/model/localisation/currency.php
CODE: public function refresh($force = false) {
LINE: 107
CODE: public function getTotalCurrencies() {
LINE: 205

FILE: admin/controller/extension/extension/promotion.php
CODE: $curl = curl_init();
LINE: 6

FILE: admin/view/template/sale/order_info.twig
CODE: function changeStatus(){
LINE: 606
CODE: $('select[name="order_status_id"]').change(function(){
LINE: 635
CODE: addOrderInfo();
LINE: 564
LINE: 567

FILE: admin/view/template/common/developer.twig
CODE: <td style="width: 150px;">{{ entry_cache }}</td>
LINE: 11
----------------------------------------------------------------
2021-11-14 20:02:48 - MOD: Modification Default

FILE: system/engine/action.php
REGEX: ~(require|include)(_once)?\(([^)]+)~
LINE: 69

FILE: system/engine/loader.php
REGEX: ~(require|include)(_once)?\(([^)]+)~
LINE: 77
LINE: 151
LINE: 168

FILE: system/library/config.php
REGEX: ~(require|include)(_once)?\(([^)]+)~
LINE: 59

FILE: system/library/language.php
REGEX: ~(require|include)(_once)?\(([^)]+)~
LINE: 67
LINE: 73

FILE: system/library/template/template.php
REGEX: ~(require|include)(_once)?\(([^)]+)~
LINE: 18

FILE: system/library/template/twig.php
CODE: $loader = new \Twig_Loader_Filesystem(DIR_TEMPLATE);
LINE: 19
----------------------------------------------------------------
MOD: Tweak for OpenCart 3x

FILE: admin/view/template/common/header.twig
CODE: {% for link in links %}
LINE: 36
CODE: <li><a href="http://www.opencart.com" target="_blank"><i class="fa fa-opencart fa-fw"></i> {{ text_homepage }}</a></li>
LINE: 67
CODE: <li><a href="http://docs.opencart.com" target="_blank"><i class="fa fa-file-text-o fa-fw"></i> {{ text_documentation }}</a></li>
LINE: 70
CODE: <li><a href="http://forum.opencart.com" target="_blank"><i class="fa fa-comments-o fa-fw"></i> {{ text_support }}</a></li>
LINE: 73

FILE: admin/view/template/catalog/product_form.twig
CODE: <label class="col-sm-2 control-label" for="input-sku"><span data-toggle="tooltip" title="{{ help_sku }}">{{ entry_sku }}</span></label>
LINE: 117
CODE: <label class="col-sm-2 control-label" for="input-sku">
LINE: 123
CODE: <label class="col-sm-2 control-label" for="input-location">{{ entry_location }}</label>
LINE: 163
CODE: <input type="text" name="model" value="{{ model }}" placeholder="{{ entry_model }}" id="input-model" class="form-control"/>
LINE: 110
CODE: <li><a href="#tab-recurring" data-toggle="tab">{{ tab_recurring }}</a></li>
LINE: 32

FILE: admin/controller/common/filemanager.php
CODE: $this->load->language('common/filemanager');
LINE: 13
CODE: // Parent
LINE: 133
CODE: $pagination = new Pagination();
LINE: 194
CODE: $directory = rtrim(DIR_IMAGE . 'catalog/' . str_replace('*', '', $this->request->get['directory']), '/');
LINE: 33
CODE: $directory = rtrim(DIR_IMAGE . 'catalog/' . str_replace('*', '', $this->request->get['directory']), '/');
LINE: 33
CODE: public function index() {
LINE: 10
CODE: $filename = basename(html_entity_decode($file['name'], ENT_QUOTES, 'UTF-8'));
LINE: 260
CODE: $folder = basename(html_entity_decode($this->request->post['folder'], ENT_QUOTES, 'UTF-8'));
LINE: 340

FILE: admin/view/template/common/filemanager.twig
CODE: {% for image in images|batch(4) %}
LINE: 34

FILE: catalog/controller/tool/upload.php
CODE: public function index() {
LINE: 10
CODE: $filename = basename(preg_replace('/[^a-zA-Z0-9\.\-\s+]/', '', html_entity_decode($this->request->files['file']['name'], ENT_QUOTES, 'UTF-8')));
LINE: 17

FILE: admin/controller/marketplace/extension.php
CODE: $data['type'] = '';
LINE: 26

FILE: admin/view/template/marketplace/marketplace_list.twig
CODE: {% if license.value == filter_license %}<a href="{{ license.href }}" class="btn btn-default active">{{ license.text }}</a>{% else %}<a href="{{ license.href }}" class="btn btn-default">{{ license.text }}</a>{% endif %}
LINE: 49

FILE: catalog/controller/information/contact.php
CODE: if (isset($this->error['name'])) {
LINE: 48
CODE: $data['comment'] = $this->config->get('config_comment');
LINE: 106
CODE: return !$this->error;
LINE: 205

FILE: catalog/view/theme/default/template/information/contact.twig
CODE: <div class="row">{{ column_left }}
LINE: 12
CODE: <div class="buttons">
LINE: 154
CODE: </form>
LINE: 162

FILE: admin/model/localisation/currency.php
CODE: public function refresh($force = false) {
LINE: 107
CODE: public function getTotalCurrencies() {
LINE: 205

FILE: admin/controller/extension/extension/promotion.php
CODE: $curl = curl_init();
LINE: 6

FILE: admin/view/template/sale/order_info.twig
CODE: function changeStatus(){
LINE: 606
CODE: $('select[name="order_status_id"]').change(function(){
LINE: 635
CODE: addOrderInfo();
LINE: 564
LINE: 567

FILE: admin/view/template/common/developer.twig
CODE: <td style="width: 150px;">{{ entry_cache }}</td>
LINE: 11
----------------------------------------------------------------
2021-11-15 9:03:21 - MOD: Modification Default

FILE: system/engine/action.php
REGEX: ~(require|include)(_once)?\(([^)]+)~
LINE: 69

FILE: system/engine/loader.php
REGEX: ~(require|include)(_once)?\(([^)]+)~
LINE: 77
LINE: 151
LINE: 168

FILE: system/library/config.php
REGEX: ~(require|include)(_once)?\(([^)]+)~
LINE: 59

FILE: system/library/language.php
REGEX: ~(require|include)(_once)?\(([^)]+)~
LINE: 67
LINE: 73

FILE: system/library/template/template.php
REGEX: ~(require|include)(_once)?\(([^)]+)~
LINE: 18

FILE: system/library/template/twig.php
CODE: $loader = new \Twig_Loader_Filesystem(DIR_TEMPLATE);
LINE: 19
----------------------------------------------------------------
MOD: Tweak for OpenCart 3x

FILE: admin/view/template/common/header.twig
CODE: {% for link in links %}
LINE: 36
CODE: <li><a href="http://www.opencart.com" target="_blank"><i class="fa fa-opencart fa-fw"></i> {{ text_homepage }}</a></li>
LINE: 67
CODE: <li><a href="http://docs.opencart.com" target="_blank"><i class="fa fa-file-text-o fa-fw"></i> {{ text_documentation }}</a></li>
LINE: 70
CODE: <li><a href="http://forum.opencart.com" target="_blank"><i class="fa fa-comments-o fa-fw"></i> {{ text_support }}</a></li>
LINE: 73

FILE: admin/view/template/catalog/product_form.twig
CODE: <label class="col-sm-2 control-label" for="input-sku"><span data-toggle="tooltip" title="{{ help_sku }}">{{ entry_sku }}</span></label>
LINE: 117
CODE: <label class="col-sm-2 control-label" for="input-sku">
LINE: 123
CODE: <label class="col-sm-2 control-label" for="input-location">{{ entry_location }}</label>
LINE: 163
CODE: <input type="text" name="model" value="{{ model }}" placeholder="{{ entry_model }}" id="input-model" class="form-control"/>
LINE: 110
CODE: <li><a href="#tab-recurring" data-toggle="tab">{{ tab_recurring }}</a></li>
LINE: 32

FILE: admin/controller/common/filemanager.php
CODE: $this->load->language('common/filemanager');
LINE: 13
CODE: // Parent
LINE: 133
CODE: $pagination = new Pagination();
LINE: 194
CODE: $directory = rtrim(DIR_IMAGE . 'catalog/' . str_replace('*', '', $this->request->get['directory']), '/');
LINE: 33
CODE: $directory = rtrim(DIR_IMAGE . 'catalog/' . str_replace('*', '', $this->request->get['directory']), '/');
LINE: 33
CODE: public function index() {
LINE: 10
CODE: $filename = basename(html_entity_decode($file['name'], ENT_QUOTES, 'UTF-8'));
LINE: 260
CODE: $folder = basename(html_entity_decode($this->request->post['folder'], ENT_QUOTES, 'UTF-8'));
LINE: 340

FILE: admin/view/template/common/filemanager.twig
CODE: {% for image in images|batch(4) %}
LINE: 34

FILE: catalog/controller/tool/upload.php
CODE: public function index() {
LINE: 10
CODE: $filename = basename(preg_replace('/[^a-zA-Z0-9\.\-\s+]/', '', html_entity_decode($this->request->files['file']['name'], ENT_QUOTES, 'UTF-8')));
LINE: 17

FILE: admin/controller/marketplace/extension.php
CODE: $data['type'] = '';
LINE: 26

FILE: admin/view/template/marketplace/marketplace_list.twig
CODE: {% if license.value == filter_license %}<a href="{{ license.href }}" class="btn btn-default active">{{ license.text }}</a>{% else %}<a href="{{ license.href }}" class="btn btn-default">{{ license.text }}</a>{% endif %}
LINE: 49

FILE: catalog/controller/information/contact.php
CODE: if (isset($this->error['name'])) {
LINE: 48
CODE: $data['comment'] = $this->config->get('config_comment');
LINE: 106
CODE: return !$this->error;
LINE: 205

FILE: catalog/view/theme/default/template/information/contact.twig
CODE: <div class="row">{{ column_left }}
LINE: 12
CODE: <div class="buttons">
LINE: 154
CODE: </form>
LINE: 162

FILE: admin/model/localisation/currency.php
CODE: public function refresh($force = false) {
LINE: 107
CODE: public function getTotalCurrencies() {
LINE: 205

FILE: admin/controller/extension/extension/promotion.php
CODE: $curl = curl_init();
LINE: 6

FILE: admin/view/template/sale/order_info.twig
CODE: function changeStatus(){
LINE: 606
CODE: $('select[name="order_status_id"]').change(function(){
LINE: 635
CODE: addOrderInfo();
LINE: 564
LINE: 567

FILE: admin/view/template/common/developer.twig
CODE: <td style="width: 150px;">{{ entry_cache }}</td>
LINE: 11
----------------------------------------------------------------
2021-11-15 13:01:06 - MOD: Modification Default

FILE: system/engine/action.php
REGEX: ~(require|include)(_once)?\(([^)]+)~
LINE: 69

FILE: system/engine/loader.php
REGEX: ~(require|include)(_once)?\(([^)]+)~
LINE: 77
LINE: 151
LINE: 168

FILE: system/library/config.php
REGEX: ~(require|include)(_once)?\(([^)]+)~
LINE: 59

FILE: system/library/language.php
REGEX: ~(require|include)(_once)?\(([^)]+)~
LINE: 67
LINE: 73

FILE: system/library/template/template.php
REGEX: ~(require|include)(_once)?\(([^)]+)~
LINE: 18

FILE: system/library/template/twig.php
CODE: $loader = new \Twig_Loader_Filesystem(DIR_TEMPLATE);
LINE: 19
----------------------------------------------------------------
MOD: Tweak for OpenCart 3x

FILE: admin/view/template/common/header.twig
CODE: {% for link in links %}
LINE: 36
CODE: <li><a href="http://www.opencart.com" target="_blank"><i class="fa fa-opencart fa-fw"></i> {{ text_homepage }}</a></li>
LINE: 67
CODE: <li><a href="http://docs.opencart.com" target="_blank"><i class="fa fa-file-text-o fa-fw"></i> {{ text_documentation }}</a></li>
LINE: 70
CODE: <li><a href="http://forum.opencart.com" target="_blank"><i class="fa fa-comments-o fa-fw"></i> {{ text_support }}</a></li>
LINE: 73

FILE: admin/view/template/catalog/product_form.twig
CODE: <label class="col-sm-2 control-label" for="input-sku"><span data-toggle="tooltip" title="{{ help_sku }}">{{ entry_sku }}</span></label>
LINE: 116
CODE: <label class="col-sm-2 control-label" for="input-sku">
LINE: 122
CODE: <label class="col-sm-2 control-label" for="input-location">{{ entry_location }}</label>
LINE: 162
CODE: <input type="text" name="model" value="{{ model }}" placeholder="{{ entry_model }}" id="input-model" class="form-control"/>
LINE: 109
CODE: <li><a href="#tab-recurring" data-toggle="tab">{{ tab_recurring }}</a></li>
LINE: 32

FILE: admin/controller/common/filemanager.php
CODE: $this->load->language('common/filemanager');
LINE: 13
CODE: // Parent
LINE: 133
CODE: $pagination = new Pagination();
LINE: 194
CODE: $directory = rtrim(DIR_IMAGE . 'catalog/' . str_replace('*', '', $this->request->get['directory']), '/');
LINE: 33
CODE: $directory = rtrim(DIR_IMAGE . 'catalog/' . str_replace('*', '', $this->request->get['directory']), '/');
LINE: 33
CODE: public function index() {
LINE: 10
CODE: $filename = basename(html_entity_decode($file['name'], ENT_QUOTES, 'UTF-8'));
LINE: 260
CODE: $folder = basename(html_entity_decode($this->request->post['folder'], ENT_QUOTES, 'UTF-8'));
LINE: 340

FILE: admin/view/template/common/filemanager.twig
CODE: {% for image in images|batch(4) %}
LINE: 34

FILE: catalog/controller/tool/upload.php
CODE: public function index() {
LINE: 10
CODE: $filename = basename(preg_replace('/[^a-zA-Z0-9\.\-\s+]/', '', html_entity_decode($this->request->files['file']['name'], ENT_QUOTES, 'UTF-8')));
LINE: 17

FILE: admin/controller/marketplace/extension.php
CODE: $data['type'] = '';
LINE: 26

FILE: admin/view/template/marketplace/marketplace_list.twig
CODE: {% if license.value == filter_license %}<a href="{{ license.href }}" class="btn btn-default active">{{ license.text }}</a>{% else %}<a href="{{ license.href }}" class="btn btn-default">{{ license.text }}</a>{% endif %}
LINE: 49

FILE: catalog/controller/information/contact.php
CODE: if (isset($this->error['name'])) {
LINE: 48
CODE: $data['comment'] = $this->config->get('config_comment');
LINE: 106
CODE: return !$this->error;
LINE: 205

FILE: catalog/view/theme/default/template/information/contact.twig
CODE: <div class="row">{{ column_left }}
LINE: 12
CODE: <div class="buttons">
LINE: 154
CODE: </form>
LINE: 162

FILE: admin/model/localisation/currency.php
CODE: public function refresh($force = false) {
LINE: 107
CODE: public function getTotalCurrencies() {
LINE: 205

FILE: admin/controller/extension/extension/promotion.php
CODE: $curl = curl_init();
LINE: 6

FILE: admin/view/template/sale/order_info.twig
CODE: function changeStatus(){
LINE: 606
CODE: $('select[name="order_status_id"]').change(function(){
LINE: 635
CODE: addOrderInfo();
LINE: 564
LINE: 567

FILE: admin/view/template/common/developer.twig
CODE: <td style="width: 150px;">{{ entry_cache }}</td>
LINE: 11
----------------------------------------------------------------
2021-11-15 13:11:00 - MOD: Modification Default

FILE: system/engine/action.php
REGEX: ~(require|include)(_once)?\(([^)]+)~
LINE: 69

FILE: system/engine/loader.php
REGEX: ~(require|include)(_once)?\(([^)]+)~
LINE: 77
LINE: 151
LINE: 168

FILE: system/library/config.php
REGEX: ~(require|include)(_once)?\(([^)]+)~
LINE: 59

FILE: system/library/language.php
REGEX: ~(require|include)(_once)?\(([^)]+)~
LINE: 67
LINE: 73

FILE: system/library/template/template.php
REGEX: ~(require|include)(_once)?\(([^)]+)~
LINE: 18

FILE: system/library/template/twig.php
CODE: $loader = new \Twig_Loader_Filesystem(DIR_TEMPLATE);
LINE: 19
----------------------------------------------------------------
MOD: Tweak for OpenCart 3x

FILE: admin/view/template/common/header.twig
CODE: {% for link in links %}
LINE: 36
CODE: <li><a href="http://www.opencart.com" target="_blank"><i class="fa fa-opencart fa-fw"></i> {{ text_homepage }}</a></li>
LINE: 67
CODE: <li><a href="http://docs.opencart.com" target="_blank"><i class="fa fa-file-text-o fa-fw"></i> {{ text_documentation }}</a></li>
LINE: 70
CODE: <li><a href="http://forum.opencart.com" target="_blank"><i class="fa fa-comments-o fa-fw"></i> {{ text_support }}</a></li>
LINE: 73

FILE: admin/view/template/catalog/product_form.twig
CODE: <label class="col-sm-2 control-label" for="input-sku"><span data-toggle="tooltip" title="{{ help_sku }}">{{ entry_sku }}</span></label>
LINE: 116
CODE: <label class="col-sm-2 control-label" for="input-sku">
LINE: 122
CODE: <label class="col-sm-2 control-label" for="input-location">{{ entry_location }}</label>
LINE: 162
CODE: <input type="text" name="model" value="{{ model }}" placeholder="{{ entry_model }}" id="input-model" class="form-control"/>
LINE: 109
CODE: <li><a href="#tab-recurring" data-toggle="tab">{{ tab_recurring }}</a></li>
LINE: 32

FILE: admin/controller/common/filemanager.php
CODE: $this->load->language('common/filemanager');
LINE: 13
CODE: // Parent
LINE: 133
CODE: $pagination = new Pagination();
LINE: 194
CODE: $directory = rtrim(DIR_IMAGE . 'catalog/' . str_replace('*', '', $this->request->get['directory']), '/');
LINE: 33
CODE: $directory = rtrim(DIR_IMAGE . 'catalog/' . str_replace('*', '', $this->request->get['directory']), '/');
LINE: 33
CODE: public function index() {
LINE: 10
CODE: $filename = basename(html_entity_decode($file['name'], ENT_QUOTES, 'UTF-8'));
LINE: 260
CODE: $folder = basename(html_entity_decode($this->request->post['folder'], ENT_QUOTES, 'UTF-8'));
LINE: 340

FILE: admin/view/template/common/filemanager.twig
CODE: {% for image in images|batch(4) %}
LINE: 34

FILE: catalog/controller/tool/upload.php
CODE: public function index() {
LINE: 10
CODE: $filename = basename(preg_replace('/[^a-zA-Z0-9\.\-\s+]/', '', html_entity_decode($this->request->files['file']['name'], ENT_QUOTES, 'UTF-8')));
LINE: 17

FILE: admin/controller/marketplace/extension.php
CODE: $data['type'] = '';
LINE: 26

FILE: admin/view/template/marketplace/marketplace_list.twig
CODE: {% if license.value == filter_license %}<a href="{{ license.href }}" class="btn btn-default active">{{ license.text }}</a>{% else %}<a href="{{ license.href }}" class="btn btn-default">{{ license.text }}</a>{% endif %}
LINE: 49

FILE: catalog/controller/information/contact.php
CODE: if (isset($this->error['name'])) {
LINE: 48
CODE: $data['comment'] = $this->config->get('config_comment');
LINE: 106
CODE: return !$this->error;
LINE: 205

FILE: catalog/view/theme/default/template/information/contact.twig
CODE: <div class="row">{{ column_left }}
LINE: 12
CODE: <div class="buttons">
LINE: 154
CODE: </form>
LINE: 162

FILE: admin/model/localisation/currency.php
CODE: public function refresh($force = false) {
LINE: 107
CODE: public function getTotalCurrencies() {
LINE: 205

FILE: admin/controller/extension/extension/promotion.php
CODE: $curl = curl_init();
LINE: 6

FILE: admin/view/template/sale/order_info.twig
CODE: function changeStatus(){
LINE: 606
CODE: $('select[name="order_status_id"]').change(function(){
LINE: 635
CODE: addOrderInfo();
LINE: 564
LINE: 567

FILE: admin/view/template/common/developer.twig
CODE: <td style="width: 150px;">{{ entry_cache }}</td>
LINE: 11
----------------------------------------------------------------
2021-11-21 5:58:21 - MOD: Modification Default

FILE: system/engine/action.php
REGEX: ~(require|include)(_once)?\(([^)]+)~
LINE: 69

FILE: system/engine/loader.php
REGEX: ~(require|include)(_once)?\(([^)]+)~
LINE: 77
LINE: 151
LINE: 168

FILE: system/library/config.php
REGEX: ~(require|include)(_once)?\(([^)]+)~
LINE: 59

FILE: system/library/language.php
REGEX: ~(require|include)(_once)?\(([^)]+)~
LINE: 67
LINE: 73

FILE: system/library/template/template.php
REGEX: ~(require|include)(_once)?\(([^)]+)~
LINE: 18

FILE: system/library/template/twig.php
CODE: $loader = new \Twig_Loader_Filesystem(DIR_TEMPLATE);
LINE: 19
----------------------------------------------------------------
MOD: Tweak for OpenCart 3x

FILE: admin/view/template/common/header.twig
CODE: {% for link in links %}
LINE: 36
CODE: <li><a href="http://www.opencart.com" target="_blank"><i class="fa fa-opencart fa-fw"></i> {{ text_homepage }}</a></li>
LINE: 67
CODE: <li><a href="http://docs.opencart.com" target="_blank"><i class="fa fa-file-text-o fa-fw"></i> {{ text_documentation }}</a></li>
LINE: 70
CODE: <li><a href="http://forum.opencart.com" target="_blank"><i class="fa fa-comments-o fa-fw"></i> {{ text_support }}</a></li>
LINE: 73

FILE: admin/view/template/catalog/product_form.twig
CODE: <label class="col-sm-2 control-label" for="input-sku"><span data-toggle="tooltip" title="{{ help_sku }}">{{ entry_sku }}</span></label>
LINE: 116
CODE: <label class="col-sm-2 control-label" for="input-sku">
LINE: 122
CODE: <label class="col-sm-2 control-label" for="input-location">{{ entry_location }}</label>
LINE: 162
CODE: <input type="text" name="model" value="{{ model }}" placeholder="{{ entry_model }}" id="input-model" class="form-control"/>
LINE: 109
CODE: <li><a href="#tab-recurring" data-toggle="tab">{{ tab_recurring }}</a></li>
LINE: 32

FILE: admin/controller/common/filemanager.php
CODE: $this->load->language('common/filemanager');
LINE: 13
CODE: // Parent
LINE: 133
CODE: $pagination = new Pagination();
LINE: 194
CODE: $directory = rtrim(DIR_IMAGE . 'catalog/' . str_replace('*', '', $this->request->get['directory']), '/');
LINE: 33
CODE: $directory = rtrim(DIR_IMAGE . 'catalog/' . str_replace('*', '', $this->request->get['directory']), '/');
LINE: 33
CODE: public function index() {
LINE: 10
CODE: $filename = basename(html_entity_decode($file['name'], ENT_QUOTES, 'UTF-8'));
LINE: 260
CODE: $folder = basename(html_entity_decode($this->request->post['folder'], ENT_QUOTES, 'UTF-8'));
LINE: 340

FILE: admin/view/template/common/filemanager.twig
CODE: {% for image in images|batch(4) %}
LINE: 34

FILE: catalog/controller/tool/upload.php
CODE: public function index() {
LINE: 10
CODE: $filename = basename(preg_replace('/[^a-zA-Z0-9\.\-\s+]/', '', html_entity_decode($this->request->files['file']['name'], ENT_QUOTES, 'UTF-8')));
LINE: 17

FILE: admin/controller/marketplace/extension.php
CODE: $data['type'] = '';
LINE: 26

FILE: admin/view/template/marketplace/marketplace_list.twig
CODE: {% if license.value == filter_license %}<a href="{{ license.href }}" class="btn btn-default active">{{ license.text }}</a>{% else %}<a href="{{ license.href }}" class="btn btn-default">{{ license.text }}</a>{% endif %}
LINE: 49

FILE: catalog/controller/information/contact.php
CODE: if (isset($this->error['name'])) {
LINE: 48
CODE: $data['comment'] = $this->config->get('config_comment');
LINE: 106
CODE: return !$this->error;
LINE: 205

FILE: catalog/view/theme/default/template/information/contact.twig
CODE: <div class="row">{{ column_left }}
LINE: 12
CODE: <div class="buttons">
LINE: 154
CODE: </form>
LINE: 162

FILE: admin/model/localisation/currency.php
CODE: public function refresh($force = false) {
LINE: 107
CODE: public function getTotalCurrencies() {
LINE: 205

FILE: admin/controller/extension/extension/promotion.php
CODE: $curl = curl_init();
LINE: 6

FILE: admin/view/template/sale/order_info.twig
CODE: function changeStatus(){
LINE: 606
CODE: $('select[name="order_status_id"]').change(function(){
LINE: 635
CODE: addOrderInfo();
LINE: 564
LINE: 567

FILE: admin/view/template/common/developer.twig
CODE: <td style="width: 150px;">{{ entry_cache }}</td>
LINE: 11
----------------------------------------------------------------
2021-11-23 18:51:37 - MOD: Modification Default

FILE: system/engine/action.php
REGEX: ~(require|include)(_once)?\(([^)]+)~
LINE: 69

FILE: system/engine/loader.php
REGEX: ~(require|include)(_once)?\(([^)]+)~
LINE: 77
LINE: 151
LINE: 168

FILE: system/library/config.php
REGEX: ~(require|include)(_once)?\(([^)]+)~
LINE: 59

FILE: system/library/language.php
REGEX: ~(require|include)(_once)?\(([^)]+)~
LINE: 67
LINE: 73

FILE: system/library/template/template.php
REGEX: ~(require|include)(_once)?\(([^)]+)~
LINE: 18

FILE: system/library/template/twig.php
CODE: $loader = new \Twig_Loader_Filesystem(DIR_TEMPLATE);
LINE: 19
----------------------------------------------------------------
MOD: Tweak for OpenCart 3x

FILE: admin/view/template/common/header.twig
CODE: {% for link in links %}
LINE: 36
CODE: <li><a href="http://www.opencart.com" target="_blank"><i class="fa fa-opencart fa-fw"></i> {{ text_homepage }}</a></li>
LINE: 67
CODE: <li><a href="http://docs.opencart.com" target="_blank"><i class="fa fa-file-text-o fa-fw"></i> {{ text_documentation }}</a></li>
LINE: 70
CODE: <li><a href="http://forum.opencart.com" target="_blank"><i class="fa fa-comments-o fa-fw"></i> {{ text_support }}</a></li>
LINE: 73

FILE: admin/view/template/catalog/product_form.twig
CODE: <label class="col-sm-2 control-label" for="input-sku"><span data-toggle="tooltip" title="{{ help_sku }}">{{ entry_sku }}</span></label>
LINE: 116
CODE: <label class="col-sm-2 control-label" for="input-sku">
LINE: 122
CODE: <label class="col-sm-2 control-label" for="input-location">{{ entry_location }}</label>
LINE: 162
CODE: <input type="text" name="model" value="{{ model }}" placeholder="{{ entry_model }}" id="input-model" class="form-control"/>
LINE: 109
CODE: <li><a href="#tab-recurring" data-toggle="tab">{{ tab_recurring }}</a></li>
LINE: 32

FILE: admin/controller/common/filemanager.php
CODE: $this->load->language('common/filemanager');
LINE: 13
CODE: // Parent
LINE: 133
CODE: $pagination = new Pagination();
LINE: 194
CODE: $directory = rtrim(DIR_IMAGE . 'catalog/' . str_replace('*', '', $this->request->get['directory']), '/');
LINE: 33
CODE: $directory = rtrim(DIR_IMAGE . 'catalog/' . str_replace('*', '', $this->request->get['directory']), '/');
LINE: 33
CODE: public function index() {
LINE: 10
CODE: $filename = basename(html_entity_decode($file['name'], ENT_QUOTES, 'UTF-8'));
LINE: 260
CODE: $folder = basename(html_entity_decode($this->request->post['folder'], ENT_QUOTES, 'UTF-8'));
LINE: 340

FILE: admin/view/template/common/filemanager.twig
CODE: {% for image in images|batch(4) %}
LINE: 34

FILE: catalog/controller/tool/upload.php
CODE: public function index() {
LINE: 10
CODE: $filename = basename(preg_replace('/[^a-zA-Z0-9\.\-\s+]/', '', html_entity_decode($this->request->files['file']['name'], ENT_QUOTES, 'UTF-8')));
LINE: 17

FILE: admin/controller/marketplace/extension.php
CODE: $data['type'] = '';
LINE: 26

FILE: admin/view/template/marketplace/marketplace_list.twig
CODE: {% if license.value == filter_license %}<a href="{{ license.href }}" class="btn btn-default active">{{ license.text }}</a>{% else %}<a href="{{ license.href }}" class="btn btn-default">{{ license.text }}</a>{% endif %}
LINE: 49

FILE: catalog/controller/information/contact.php
CODE: if (isset($this->error['name'])) {
LINE: 48
CODE: $data['comment'] = $this->config->get('config_comment');
LINE: 106
CODE: return !$this->error;
LINE: 205

FILE: catalog/view/theme/default/template/information/contact.twig
CODE: <div class="row">{{ column_left }}
LINE: 12
CODE: <div class="buttons">
LINE: 154
CODE: </form>
LINE: 162

FILE: admin/model/localisation/currency.php
CODE: public function refresh($force = false) {
LINE: 107
CODE: public function getTotalCurrencies() {
LINE: 205

FILE: admin/controller/extension/extension/promotion.php
CODE: $curl = curl_init();
LINE: 6

FILE: admin/view/template/sale/order_info.twig
CODE: function changeStatus(){
LINE: 606
CODE: $('select[name="order_status_id"]').change(function(){
LINE: 635
CODE: addOrderInfo();
LINE: 564
LINE: 567

FILE: admin/view/template/common/developer.twig
CODE: <td style="width: 150px;">{{ entry_cache }}</td>
LINE: 11
----------------------------------------------------------------
MOD: YooMoney for Opencart 3.x

FILE: catalog/controller/account/order.php
CODE: // History
LINE: 319

FILE: catalog/view/theme/default/template/account/order_info.twig
CODE: </tfoot>
LINE: 118

FILE: admin/model/sale/order.php
REGEX: ~o.date_added, o.date_modified FROM~
LINE: 151
REGEX: /\$query\s=\s\$this->db->query\(\$sql\);\s+return\s\$query->rows;/
LINE: 224

FILE: admin/language/en-gb/sale/order.php
REGEX: ~(\$_\[\'text_add\'\])~
LINE: 8

FILE: admin/language/ru-ru/sale/order.php
REGEX: ~(\$_\[\'text_add\'\])~
LINE: 8

FILE: system/library/mail.php
CODE: basename(urlencode($attachment))
NOT FOUND - OPERATION SKIPPED!

FILE: admin/controller/sale/order.php
CODE: 'shipping_code' => $result['shipping_code'],
LINE: 242
CODE: $data['user_token'] = $this->session->data['user_token'];
LINE: 254
LINE: 482
LINE: 814

FILE: admin/view/template/sale/order_list.twig
CODE: <li><a href="{{ order.edit }}"><i class="fa fa-pencil"></i> {{ button_edit }}</a></li>
LINE: 149
CODE: $('input[name^=\'selected\']:first').trigger('change');
LINE: 324

FILE: catalog/controller/common/footer.php
CODE: $data['newsletter'] = $this->url->link('account/newsletter'
LINE: 32

FILE: catalog/controller/checkout/success.php
CODE: if (isset($this->session->data['order_id'])) {
LINE: 9

FILE: catalog/view/theme/default/template/common/success.twig
CODE: {{ footer }}
LINE: 24

FILE: catalog/view/theme/default/template/common/footer.twig
CODE: <p>{{ powered }}</p>
LINE: 46

FILE: catalog/controller/common/header.php
CODE: $data['menu'] = $this->load->controller('common/menu');
LINE: 80

FILE: catalog/view/theme/default/template/common/header.twig
CODE: </head>
LINE: 43

FILE: catalog/controller/product/product.php
CODE: if ($product_info) {
LINE: 168
CODE: $data['price'] = $this->currency->format($this->tax->calculate($product_info['price'], $product_info['tax_class_id'], $this->config->get('config_tax')), $this->session->data['currency']);
LINE: 297

FILE: catalog/view/theme/default/template/product/product.twig
CODE: <div id="product"> {% if options %}
LINE: 175
CODE: {{ footer }}
LINE: 590
CODE: <input type="text" name="sort_order" value="{{ sort_order }}" placeholder="{{ entry_sort_order }}" id="input-sort-order" class="form-control" />
NOT FOUND - OPERATION SKIPPED!

FILE: admin/controller/catalog/product.php
CODE: $data['layouts'] = $this->model_design_layout->getLayouts();
LINE: 1178
CODE: $this->model_catalog_product->editProduct($this->request->get['product_id'], $this->request->post);
LINE: 74
----------------------------------------------------------------
2021-11-25 9:37:53 - MOD: Modification Default

FILE: system/engine/action.php
REGEX: ~(require|include)(_once)?\(([^)]+)~
LINE: 69

FILE: system/engine/loader.php
REGEX: ~(require|include)(_once)?\(([^)]+)~
LINE: 77
LINE: 151
LINE: 168

FILE: system/library/config.php
REGEX: ~(require|include)(_once)?\(([^)]+)~
LINE: 59

FILE: system/library/language.php
REGEX: ~(require|include)(_once)?\(([^)]+)~
LINE: 67
LINE: 73

FILE: system/library/template/template.php
REGEX: ~(require|include)(_once)?\(([^)]+)~
LINE: 18

FILE: system/library/template/twig.php
CODE: $loader = new \Twig_Loader_Filesystem(DIR_TEMPLATE);
LINE: 19
----------------------------------------------------------------
MOD: Fix for twig
CODE: $loader = new \Twig_Loader_Array(array($filename . '.twig' => $code));
NOT FOUND - OPERATION SKIPPED!
CODE: $loader = new \Twig\Loader\ArrayLoader(array($filename . '.twig' => $code));
NOT FOUND - OPERATION SKIPPED!

FILE: system/library/template/twig/Lexer.php
CODE: $text = rtrim($text);
LINE: 163
----------------------------------------------------------------
MOD: Tweak for OpenCart 3x

FILE: admin/view/template/common/header.twig
CODE: {% for link in links %}
LINE: 36
CODE: <li><a href="http://www.opencart.com" target="_blank"><i class="fa fa-opencart fa-fw"></i> {{ text_homepage }}</a></li>
LINE: 67
CODE: <li><a href="http://docs.opencart.com" target="_blank"><i class="fa fa-file-text-o fa-fw"></i> {{ text_documentation }}</a></li>
LINE: 70
CODE: <li><a href="http://forum.opencart.com" target="_blank"><i class="fa fa-comments-o fa-fw"></i> {{ text_support }}</a></li>
LINE: 73

FILE: admin/view/template/catalog/product_form.twig
CODE: <label class="col-sm-2 control-label" for="input-sku"><span data-toggle="tooltip" title="{{ help_sku }}">{{ entry_sku }}</span></label>
LINE: 116
CODE: <label class="col-sm-2 control-label" for="input-sku">
LINE: 122
CODE: <label class="col-sm-2 control-label" for="input-location">{{ entry_location }}</label>
LINE: 162
CODE: <input type="text" name="model" value="{{ model }}" placeholder="{{ entry_model }}" id="input-model" class="form-control"/>
LINE: 109
CODE: <li><a href="#tab-recurring" data-toggle="tab">{{ tab_recurring }}</a></li>
LINE: 32

FILE: admin/controller/common/filemanager.php
CODE: $this->load->language('common/filemanager');
LINE: 13
CODE: // Parent
LINE: 133
CODE: $pagination = new Pagination();
LINE: 194
CODE: $directory = rtrim(DIR_IMAGE . 'catalog/' . str_replace('*', '', $this->request->get['directory']), '/');
LINE: 33
CODE: $directory = rtrim(DIR_IMAGE . 'catalog/' . str_replace('*', '', $this->request->get['directory']), '/');
LINE: 33
CODE: public function index() {
LINE: 10
CODE: $filename = basename(html_entity_decode($file['name'], ENT_QUOTES, 'UTF-8'));
LINE: 260
CODE: $folder = basename(html_entity_decode($this->request->post['folder'], ENT_QUOTES, 'UTF-8'));
LINE: 340

FILE: admin/view/template/common/filemanager.twig
CODE: {% for image in images|batch(4) %}
LINE: 34

FILE: catalog/controller/tool/upload.php
CODE: public function index() {
LINE: 10
CODE: $filename = basename(preg_replace('/[^a-zA-Z0-9\.\-\s+]/', '', html_entity_decode($this->request->files['file']['name'], ENT_QUOTES, 'UTF-8')));
LINE: 17

FILE: admin/controller/marketplace/extension.php
CODE: $data['type'] = '';
LINE: 26

FILE: admin/view/template/marketplace/marketplace_list.twig
CODE: {% if license.value == filter_license %}<a href="{{ license.href }}" class="btn btn-default active">{{ license.text }}</a>{% else %}<a href="{{ license.href }}" class="btn btn-default">{{ license.text }}</a>{% endif %}
LINE: 49

FILE: catalog/controller/information/contact.php
CODE: if (isset($this->error['name'])) {
LINE: 48
CODE: $data['comment'] = $this->config->get('config_comment');
LINE: 106
CODE: return !$this->error;
LINE: 205

FILE: catalog/view/theme/default/template/information/contact.twig
CODE: <div class="row">{{ column_left }}
LINE: 12
CODE: <div class="buttons">
LINE: 156
CODE: </form>
LINE: 164

FILE: admin/model/localisation/currency.php
CODE: public function refresh($force = false) {
LINE: 107
CODE: public function getTotalCurrencies() {
LINE: 205

FILE: admin/controller/extension/extension/promotion.php
CODE: $curl = curl_init();
LINE: 6

FILE: admin/view/template/sale/order_info.twig
CODE: function changeStatus(){
LINE: 606
CODE: $('select[name="order_status_id"]').change(function(){
LINE: 635
CODE: addOrderInfo();
LINE: 564
LINE: 567

FILE: admin/view/template/common/developer.twig
CODE: <td style="width: 150px;">{{ entry_cache }}</td>
LINE: 11
----------------------------------------------------------------
MOD: 2 simple url rewrite

FILE: catalog/controller/startup/startup.php
CODE: $this->registry->set('url'
LINE: 39
----------------------------------------------------------------
MOD: YooMoney for Opencart 3.x

FILE: catalog/controller/account/order.php
CODE: // History
LINE: 319

FILE: catalog/view/theme/default/template/account/order_info.twig
CODE: </tfoot>
LINE: 118

FILE: admin/model/sale/order.php
REGEX: ~o.date_added, o.date_modified FROM~
LINE: 151
REGEX: /\$query\s=\s\$this->db->query\(\$sql\);\s+return\s\$query->rows;/
LINE: 224

FILE: admin/language/en-gb/sale/order.php
REGEX: ~(\$_\[\'text_add\'\])~
LINE: 8

FILE: admin/language/ru-ru/sale/order.php
REGEX: ~(\$_\[\'text_add\'\])~
LINE: 8

FILE: system/library/mail.php
CODE: basename(urlencode($attachment))
NOT FOUND - OPERATION SKIPPED!

FILE: admin/controller/sale/order.php
CODE: 'shipping_code' => $result['shipping_code'],
LINE: 242
CODE: $data['user_token'] = $this->session->data['user_token'];
LINE: 254
LINE: 482
LINE: 814

FILE: admin/view/template/sale/order_list.twig
CODE: <li><a href="{{ order.edit }}"><i class="fa fa-pencil"></i> {{ button_edit }}</a></li>
LINE: 149
CODE: $('input[name^=\'selected\']:first').trigger('change');
LINE: 324

FILE: catalog/controller/common/footer.php
CODE: $data['newsletter'] = $this->url->link('account/newsletter'
LINE: 32

FILE: catalog/controller/checkout/success.php
CODE: if (isset($this->session->data['order_id'])) {
LINE: 9

FILE: catalog/view/theme/default/template/common/success.twig
CODE: {{ footer }}
LINE: 24

FILE: catalog/view/theme/default/template/common/footer.twig
CODE: <p>{{ powered }}</p>
LINE: 46

FILE: catalog/controller/common/header.php
CODE: $data['menu'] = $this->load->controller('common/menu');
LINE: 80

FILE: catalog/view/theme/default/template/common/header.twig
CODE: </head>
LINE: 43

FILE: catalog/controller/product/product.php
CODE: if ($product_info) {
LINE: 168
CODE: $data['price'] = $this->currency->format($this->tax->calculate($product_info['price'], $product_info['tax_class_id'], $this->config->get('config_tax')), $this->session->data['currency']);
LINE: 297

FILE: catalog/view/theme/default/template/product/product.twig
CODE: <div id="product"> {% if options %}
LINE: 175
CODE: {{ footer }}
LINE: 590
CODE: <input type="text" name="sort_order" value="{{ sort_order }}" placeholder="{{ entry_sort_order }}" id="input-sort-order" class="form-control" />
NOT FOUND - OPERATION SKIPPED!

FILE: admin/controller/catalog/product.php
CODE: $data['layouts'] = $this->model_design_layout->getLayouts();
LINE: 1178
CODE: $this->model_catalog_product->editProduct($this->request->get['product_id'], $this->request->post);
LINE: 74
----------------------------------------------------------------
2021-11-25 9:43:42 - MOD: Modification Default

FILE: system/engine/action.php
REGEX: ~(require|include)(_once)?\(([^)]+)~
LINE: 69

FILE: system/engine/loader.php
REGEX: ~(require|include)(_once)?\(([^)]+)~
LINE: 77
LINE: 151
LINE: 168

FILE: system/library/config.php
REGEX: ~(require|include)(_once)?\(([^)]+)~
LINE: 59

FILE: system/library/language.php
REGEX: ~(require|include)(_once)?\(([^)]+)~
LINE: 67
LINE: 73

FILE: system/library/template/template.php
REGEX: ~(require|include)(_once)?\(([^)]+)~
LINE: 18

FILE: system/library/template/twig.php
CODE: $loader = new \Twig_Loader_Filesystem(DIR_TEMPLATE);
LINE: 19
----------------------------------------------------------------
MOD: Fix for twig
CODE: $loader = new \Twig_Loader_Array(array($filename . '.twig' => $code));
NOT FOUND - OPERATION SKIPPED!
CODE: $loader = new \Twig\Loader\ArrayLoader(array($filename . '.twig' => $code));
NOT FOUND - OPERATION SKIPPED!

FILE: system/library/template/twig/Lexer.php
CODE: $text = rtrim($text);
LINE: 163
----------------------------------------------------------------
MOD: Tweak for OpenCart 3x

FILE: admin/view/template/common/header.twig
CODE: {% for link in links %}
LINE: 36
CODE: <li><a href="http://www.opencart.com" target="_blank"><i class="fa fa-opencart fa-fw"></i> {{ text_homepage }}</a></li>
LINE: 67
CODE: <li><a href="http://docs.opencart.com" target="_blank"><i class="fa fa-file-text-o fa-fw"></i> {{ text_documentation }}</a></li>
LINE: 70
CODE: <li><a href="http://forum.opencart.com" target="_blank"><i class="fa fa-comments-o fa-fw"></i> {{ text_support }}</a></li>
LINE: 73

FILE: admin/view/template/catalog/product_form.twig
CODE: <label class="col-sm-2 control-label" for="input-sku"><span data-toggle="tooltip" title="{{ help_sku }}">{{ entry_sku }}</span></label>
LINE: 116
CODE: <label class="col-sm-2 control-label" for="input-sku">
LINE: 122
CODE: <label class="col-sm-2 control-label" for="input-location">{{ entry_location }}</label>
LINE: 162
CODE: <input type="text" name="model" value="{{ model }}" placeholder="{{ entry_model }}" id="input-model" class="form-control"/>
LINE: 109
CODE: <li><a href="#tab-recurring" data-toggle="tab">{{ tab_recurring }}</a></li>
LINE: 32

FILE: admin/controller/common/filemanager.php
CODE: $this->load->language('common/filemanager');
LINE: 13
CODE: // Parent
LINE: 133
CODE: $pagination = new Pagination();
LINE: 194
CODE: $directory = rtrim(DIR_IMAGE . 'catalog/' . str_replace('*', '', $this->request->get['directory']), '/');
LINE: 33
CODE: $directory = rtrim(DIR_IMAGE . 'catalog/' . str_replace('*', '', $this->request->get['directory']), '/');
LINE: 33
CODE: public function index() {
LINE: 10
CODE: $filename = basename(html_entity_decode($file['name'], ENT_QUOTES, 'UTF-8'));
LINE: 260
CODE: $folder = basename(html_entity_decode($this->request->post['folder'], ENT_QUOTES, 'UTF-8'));
LINE: 340

FILE: admin/view/template/common/filemanager.twig
CODE: {% for image in images|batch(4) %}
LINE: 34

FILE: catalog/controller/tool/upload.php
CODE: public function index() {
LINE: 10
CODE: $filename = basename(preg_replace('/[^a-zA-Z0-9\.\-\s+]/', '', html_entity_decode($this->request->files['file']['name'], ENT_QUOTES, 'UTF-8')));
LINE: 17

FILE: admin/controller/marketplace/extension.php
CODE: $data['type'] = '';
LINE: 26

FILE: admin/view/template/marketplace/marketplace_list.twig
CODE: {% if license.value == filter_license %}<a href="{{ license.href }}" class="btn btn-default active">{{ license.text }}</a>{% else %}<a href="{{ license.href }}" class="btn btn-default">{{ license.text }}</a>{% endif %}
LINE: 49

FILE: catalog/controller/information/contact.php
CODE: if (isset($this->error['name'])) {
LINE: 48
CODE: $data['comment'] = $this->config->get('config_comment');
LINE: 106
CODE: return !$this->error;
LINE: 205

FILE: catalog/view/theme/default/template/information/contact.twig
CODE: <div class="row">{{ column_left }}
LINE: 12
CODE: <div class="buttons">
LINE: 156
CODE: </form>
LINE: 164

FILE: admin/model/localisation/currency.php
CODE: public function refresh($force = false) {
LINE: 107
CODE: public function getTotalCurrencies() {
LINE: 205

FILE: admin/controller/extension/extension/promotion.php
CODE: $curl = curl_init();
LINE: 6

FILE: admin/view/template/sale/order_info.twig
CODE: function changeStatus(){
LINE: 606
CODE: $('select[name="order_status_id"]').change(function(){
LINE: 635
CODE: addOrderInfo();
LINE: 564
LINE: 567

FILE: admin/view/template/common/developer.twig
CODE: <td style="width: 150px;">{{ entry_cache }}</td>
LINE: 11
----------------------------------------------------------------
MOD: 2 simple url rewrite

FILE: catalog/controller/startup/startup.php
CODE: $this->registry->set('url'
LINE: 39
----------------------------------------------------------------
MOD: YooMoney for Opencart 3.x

FILE: catalog/controller/account/order.php
CODE: // History
LINE: 319

FILE: catalog/view/theme/default/template/account/order_info.twig
CODE: </tfoot>
LINE: 118

FILE: admin/model/sale/order.php
REGEX: ~o.date_added, o.date_modified FROM~
LINE: 151
REGEX: /\$query\s=\s\$this->db->query\(\$sql\);\s+return\s\$query->rows;/
LINE: 224

FILE: admin/language/en-gb/sale/order.php
REGEX: ~(\$_\[\'text_add\'\])~
LINE: 8

FILE: admin/language/ru-ru/sale/order.php
REGEX: ~(\$_\[\'text_add\'\])~
LINE: 8

FILE: system/library/mail.php
CODE: basename(urlencode($attachment))
NOT FOUND - OPERATION SKIPPED!

FILE: admin/controller/sale/order.php
CODE: 'shipping_code' => $result['shipping_code'],
LINE: 242
CODE: $data['user_token'] = $this->session->data['user_token'];
LINE: 254
LINE: 482
LINE: 814

FILE: admin/view/template/sale/order_list.twig
CODE: <li><a href="{{ order.edit }}"><i class="fa fa-pencil"></i> {{ button_edit }}</a></li>
LINE: 149
CODE: $('input[name^=\'selected\']:first').trigger('change');
LINE: 324

FILE: catalog/controller/common/footer.php
CODE: $data['newsletter'] = $this->url->link('account/newsletter'
LINE: 32

FILE: catalog/controller/checkout/success.php
CODE: if (isset($this->session->data['order_id'])) {
LINE: 9

FILE: catalog/view/theme/default/template/common/success.twig
CODE: {{ footer }}
LINE: 24

FILE: catalog/view/theme/default/template/common/footer.twig
CODE: <p>{{ powered }}</p>
LINE: 46

FILE: catalog/controller/common/header.php
CODE: $data['menu'] = $this->load->controller('common/menu');
LINE: 80

FILE: catalog/view/theme/default/template/common/header.twig
CODE: </head>
LINE: 43

FILE: catalog/controller/product/product.php
CODE: if ($product_info) {
LINE: 168
CODE: $data['price'] = $this->currency->format($this->tax->calculate($product_info['price'], $product_info['tax_class_id'], $this->config->get('config_tax')), $this->session->data['currency']);
LINE: 297

FILE: catalog/view/theme/default/template/product/product.twig
CODE: <div id="product"> {% if options %}
LINE: 175
CODE: {{ footer }}
LINE: 590
CODE: <input type="text" name="sort_order" value="{{ sort_order }}" placeholder="{{ entry_sort_order }}" id="input-sort-order" class="form-control" />
NOT FOUND - OPERATION SKIPPED!

FILE: admin/controller/catalog/product.php
CODE: $data['layouts'] = $this->model_design_layout->getLayouts();
LINE: 1178
CODE: $this->model_catalog_product->editProduct($this->request->get['product_id'], $this->request->post);
LINE: 74
----------------------------------------------------------------
